2025-01-31T14:10:12.960+05:30  INFO 7768 --- [restartedMain] c.a.r.RestfulWebServicesApplication      : Starting RestfulWebServicesApplication using Java 17.0.12 with PID 7768 (C:\Users\abhis\Downloads\Udemy_spring\restful-web-services\target\classes started by abhis in C:\Users\abhis\Downloads\Udemy_spring\restful-web-services)
2025-01-31T14:10:12.965+05:30  INFO 7768 --- [restartedMain] c.a.r.RestfulWebServicesApplication      : No active profile set, falling back to 1 default profile: "default"
2025-01-31T14:10:13.072+05:30  INFO 7768 --- [restartedMain] .e.DevToolsPropertyDefaultsPostProcessor : Devtools property defaults active! Set 'spring.devtools.add-properties' to 'false' to disable
2025-01-31T14:10:13.075+05:30  INFO 7768 --- [restartedMain] .e.DevToolsPropertyDefaultsPostProcessor : For additional web related logging consider setting the 'logging.level.web' property to 'DEBUG'
2025-01-31T14:10:15.083+05:30  INFO 7768 --- [restartedMain] .s.d.r.c.RepositoryConfigurationDelegate : Bootstrapping Spring Data JPA repositories in DEFAULT mode.
2025-01-31T14:10:15.132+05:30  INFO 7768 --- [restartedMain] .s.d.r.c.RepositoryConfigurationDelegate : Finished Spring Data repository scanning in 25 ms. Found 0 JPA repository interfaces.
2025-01-31T14:10:16.821+05:30  INFO 7768 --- [restartedMain] o.s.b.w.embedded.tomcat.TomcatWebServer  : Tomcat initialized with port 7517 (http)
2025-01-31T14:10:16.851+05:30  INFO 7768 --- [restartedMain] o.apache.catalina.core.StandardService   : Starting service [Tomcat]
2025-01-31T14:10:16.852+05:30  INFO 7768 --- [restartedMain] o.apache.catalina.core.StandardEngine    : Starting Servlet engine: [Apache Tomcat/10.1.34]
2025-01-31T14:10:16.958+05:30  INFO 7768 --- [restartedMain] o.a.c.c.C.[Tomcat].[localhost].[/]       : Initializing Spring embedded WebApplicationContext
2025-01-31T14:10:16.959+05:30  INFO 7768 --- [restartedMain] w.s.c.ServletWebServerApplicationContext : Root WebApplicationContext: initialization completed in 3882 ms
2025-01-31T14:10:17.751+05:30  INFO 7768 --- [restartedMain] o.hibernate.jpa.internal.util.LogHelper  : HHH000204: Processing PersistenceUnitInfo [name: default]
2025-01-31T14:10:17.909+05:30  INFO 7768 --- [restartedMain] org.hibernate.Version                    : HHH000412: Hibernate ORM core version 6.6.5.Final
2025-01-31T14:10:17.980+05:30  INFO 7768 --- [restartedMain] o.h.c.internal.RegionFactoryInitiator    : HHH000026: Second-level cache disabled
2025-01-31T14:10:18.601+05:30  INFO 7768 --- [restartedMain] o.s.o.j.p.SpringPersistenceUnitInfo      : No LoadTimeWeaver setup: ignoring JPA class transformer
2025-01-31T14:10:18.679+05:30  INFO 7768 --- [restartedMain] com.zaxxer.hikari.HikariDataSource       : HikariPool-1 - Starting...
2025-01-31T14:10:19.540+05:30  INFO 7768 --- [restartedMain] com.zaxxer.hikari.pool.HikariPool        : HikariPool-1 - Added connection org.postgresql.jdbc.PgConnection@4adf3a11
2025-01-31T14:10:19.543+05:30  INFO 7768 --- [restartedMain] com.zaxxer.hikari.HikariDataSource       : HikariPool-1 - Start completed.
2025-01-31T14:10:19.627+05:30  WARN 7768 --- [restartedMain] org.hibernate.orm.deprecation            : HHH90000025: PostgreSQLDialect does not need to be specified explicitly using 'hibernate.dialect' (remove the property setting and it will be selected by default)
2025-01-31T14:10:19.713+05:30  INFO 7768 --- [restartedMain] org.hibernate.orm.connections.pooling    : HHH10001005: Database info:
	Database JDBC URL [Connecting through datasource 'HikariDataSource (HikariPool-1)']
	Database driver: undefined/unknown
	Database version: 16.3
	Autocommit mode: undefined/unknown
	Isolation level: undefined/unknown
	Minimum pool size: undefined/unknown
	Maximum pool size: undefined/unknown
2025-01-31T14:10:20.414+05:30  INFO 7768 --- [restartedMain] o.h.e.t.j.p.i.JtaPlatformInitiator       : HHH000489: No JTA platform available (set 'hibernate.transaction.jta.platform' to enable JTA platform integration)
2025-01-31T14:10:20.425+05:30  INFO 7768 --- [restartedMain] j.LocalContainerEntityManagerFactoryBean : Initialized JPA EntityManagerFactory for persistence unit 'default'
2025-01-31T14:10:20.580+05:30  WARN 7768 --- [restartedMain] JpaBaseConfiguration$JpaWebConfiguration : spring.jpa.open-in-view is enabled by default. Therefore, database queries may be performed during view rendering. Explicitly configure spring.jpa.open-in-view to disable this warning
2025-01-31T14:10:21.081+05:30  WARN 7768 --- [restartedMain] ConfigServletWebServerApplicationContext : Exception encountered during context initialization - cancelling refresh attempt: org.springframework.beans.factory.BeanCreationException: Error creating bean with name 'requestMappingHandlerMapping' defined in class path resource [org/springframework/boot/autoconfigure/web/servlet/WebMvcAutoConfiguration$EnableWebMvcConfiguration.class]: Invalid mapping on handler class [com.abhi.restful_web_services.versioning.VersioningPersonController]: public com.abhi.restful_web_services.versioning.PersonV1 com.abhi.restful_web_services.versioning.VersioningPersonController.getFirstVersionOfPersonAcceptHeader1()
2025-01-31T14:10:21.082+05:30  INFO 7768 --- [restartedMain] j.LocalContainerEntityManagerFactoryBean : Closing JPA EntityManagerFactory for persistence unit 'default'
2025-01-31T14:10:21.090+05:30  INFO 7768 --- [restartedMain] com.zaxxer.hikari.HikariDataSource       : HikariPool-1 - Shutdown initiated...
2025-01-31T14:10:21.243+05:30  INFO 7768 --- [restartedMain] com.zaxxer.hikari.HikariDataSource       : HikariPool-1 - Shutdown completed.
2025-01-31T14:10:21.251+05:30  INFO 7768 --- [restartedMain] o.apache.catalina.core.StandardService   : Stopping service [Tomcat]
2025-01-31T14:10:21.282+05:30  INFO 7768 --- [restartedMain] .s.b.a.l.ConditionEvaluationReportLogger : 

Error starting ApplicationContext. To display the condition evaluation report re-run your application with 'debug' enabled.
2025-01-31T14:10:21.327+05:30 ERROR 7768 --- [restartedMain] o.s.boot.SpringApplication               : Application run failed

org.springframework.beans.factory.BeanCreationException: Error creating bean with name 'requestMappingHandlerMapping' defined in class path resource [org/springframework/boot/autoconfigure/web/servlet/WebMvcAutoConfiguration$EnableWebMvcConfiguration.class]: Invalid mapping on handler class [com.abhi.restful_web_services.versioning.VersioningPersonController]: public com.abhi.restful_web_services.versioning.PersonV1 com.abhi.restful_web_services.versioning.VersioningPersonController.getFirstVersionOfPersonAcceptHeader1()
	at org.springframework.beans.factory.support.AbstractAutowireCapableBeanFactory.initializeBean(AbstractAutowireCapableBeanFactory.java:1812) ~[spring-beans-6.2.2.jar:6.2.2]
	at org.springframework.beans.factory.support.AbstractAutowireCapableBeanFactory.doCreateBean(AbstractAutowireCapableBeanFactory.java:601) ~[spring-beans-6.2.2.jar:6.2.2]
	at org.springframework.beans.factory.support.AbstractAutowireCapableBeanFactory.createBean(AbstractAutowireCapableBeanFactory.java:523) ~[spring-beans-6.2.2.jar:6.2.2]
	at org.springframework.beans.factory.support.AbstractBeanFactory.lambda$doGetBean$0(AbstractBeanFactory.java:336) ~[spring-beans-6.2.2.jar:6.2.2]
	at org.springframework.beans.factory.support.DefaultSingletonBeanRegistry.getSingleton(DefaultSingletonBeanRegistry.java:307) ~[spring-beans-6.2.2.jar:6.2.2]
	at org.springframework.beans.factory.support.AbstractBeanFactory.doGetBean(AbstractBeanFactory.java:334) ~[spring-beans-6.2.2.jar:6.2.2]
	at org.springframework.beans.factory.support.AbstractBeanFactory.getBean(AbstractBeanFactory.java:199) ~[spring-beans-6.2.2.jar:6.2.2]
	at org.springframework.beans.factory.support.DefaultListableBeanFactory.instantiateSingleton(DefaultListableBeanFactory.java:1122) ~[spring-beans-6.2.2.jar:6.2.2]
	at org.springframework.beans.factory.support.DefaultListableBeanFactory.preInstantiateSingleton(DefaultListableBeanFactory.java:1093) ~[spring-beans-6.2.2.jar:6.2.2]
	at org.springframework.beans.factory.support.DefaultListableBeanFactory.preInstantiateSingletons(DefaultListableBeanFactory.java:1030) ~[spring-beans-6.2.2.jar:6.2.2]
	at org.springframework.context.support.AbstractApplicationContext.finishBeanFactoryInitialization(AbstractApplicationContext.java:987) ~[spring-context-6.2.2.jar:6.2.2]
	at org.springframework.context.support.AbstractApplicationContext.refresh(AbstractApplicationContext.java:627) ~[spring-context-6.2.2.jar:6.2.2]
	at org.springframework.boot.web.servlet.context.ServletWebServerApplicationContext.refresh(ServletWebServerApplicationContext.java:146) ~[spring-boot-3.4.2.jar:3.4.2]
	at org.springframework.boot.SpringApplication.refresh(SpringApplication.java:752) ~[spring-boot-3.4.2.jar:3.4.2]
	at org.springframework.boot.SpringApplication.refreshContext(SpringApplication.java:439) ~[spring-boot-3.4.2.jar:3.4.2]
	at org.springframework.boot.SpringApplication.run(SpringApplication.java:318) ~[spring-boot-3.4.2.jar:3.4.2]
	at org.springframework.boot.SpringApplication.run(SpringApplication.java:1361) ~[spring-boot-3.4.2.jar:3.4.2]
	at org.springframework.boot.SpringApplication.run(SpringApplication.java:1350) ~[spring-boot-3.4.2.jar:3.4.2]
	at com.abhi.restful_web_services.RestfulWebServicesApplication.main(RestfulWebServicesApplication.java:10) ~[classes/:na]
	at java.base/jdk.internal.reflect.NativeMethodAccessorImpl.invoke0(Native Method) ~[na:na]
	at java.base/jdk.internal.reflect.NativeMethodAccessorImpl.invoke(NativeMethodAccessorImpl.java:77) ~[na:na]
	at java.base/jdk.internal.reflect.DelegatingMethodAccessorImpl.invoke(DelegatingMethodAccessorImpl.java:43) ~[na:na]
	at java.base/java.lang.reflect.Method.invoke(Method.java:569) ~[na:na]
	at org.springframework.boot.devtools.restart.RestartLauncher.run(RestartLauncher.java:50) ~[spring-boot-devtools-3.4.2.jar:3.4.2]
Caused by: java.lang.IllegalStateException: Invalid mapping on handler class [com.abhi.restful_web_services.versioning.VersioningPersonController]: public com.abhi.restful_web_services.versioning.PersonV1 com.abhi.restful_web_services.versioning.VersioningPersonController.getFirstVersionOfPersonAcceptHeader1()
	at org.springframework.web.servlet.handler.AbstractHandlerMethodMapping.lambda$detectHandlerMethods$1(AbstractHandlerMethodMapping.java:287) ~[spring-webmvc-6.2.2.jar:6.2.2]
	at org.springframework.core.MethodIntrospector.lambda$selectMethods$0(MethodIntrospector.java:75) ~[spring-core-6.2.2.jar:6.2.2]
	at org.springframework.util.ReflectionUtils.doWithMethods(ReflectionUtils.java:366) ~[spring-core-6.2.2.jar:6.2.2]
	at org.springframework.core.MethodIntrospector.selectMethods(MethodIntrospector.java:73) ~[spring-core-6.2.2.jar:6.2.2]
	at org.springframework.web.servlet.handler.AbstractHandlerMethodMapping.detectHandlerMethods(AbstractHandlerMethodMapping.java:280) ~[spring-webmvc-6.2.2.jar:6.2.2]
	at org.springframework.web.servlet.handler.AbstractHandlerMethodMapping.processCandidateBean(AbstractHandlerMethodMapping.java:265) ~[spring-webmvc-6.2.2.jar:6.2.2]
	at org.springframework.web.servlet.handler.AbstractHandlerMethodMapping.initHandlerMethods(AbstractHandlerMethodMapping.java:224) ~[spring-webmvc-6.2.2.jar:6.2.2]
	at org.springframework.web.servlet.handler.AbstractHandlerMethodMapping.afterPropertiesSet(AbstractHandlerMethodMapping.java:212) ~[spring-webmvc-6.2.2.jar:6.2.2]
	at org.springframework.web.servlet.mvc.method.annotation.RequestMappingHandlerMapping.afterPropertiesSet(RequestMappingHandlerMapping.java:239) ~[spring-webmvc-6.2.2.jar:6.2.2]
	at org.springframework.beans.factory.support.AbstractAutowireCapableBeanFactory.invokeInitMethods(AbstractAutowireCapableBeanFactory.java:1859) ~[spring-beans-6.2.2.jar:6.2.2]
	at org.springframework.beans.factory.support.AbstractAutowireCapableBeanFactory.initializeBean(AbstractAutowireCapableBeanFactory.java:1808) ~[spring-beans-6.2.2.jar:6.2.2]
	... 23 common frames omitted
Caused by: org.springframework.http.InvalidMediaTypeException: Invalid mime type "X-API-VERSION=1": does not contain '/'
	at org.springframework.http.MediaType.parseMediaType(MediaType.java:760) ~[spring-web-6.2.2.jar:6.2.2]
	at org.springframework.web.servlet.mvc.condition.AbstractMediaTypeExpression.<init>(AbstractMediaTypeExpression.java:49) ~[spring-webmvc-6.2.2.jar:6.2.2]
	at org.springframework.web.servlet.mvc.condition.ProducesRequestCondition$ProduceMediaTypeExpression.<init>(ProducesRequestCondition.java:362) ~[spring-webmvc-6.2.2.jar:6.2.2]
	at org.springframework.web.servlet.mvc.condition.ProducesRequestCondition.parseExpressions(ProducesRequestCondition.java:123) ~[spring-webmvc-6.2.2.jar:6.2.2]
	at org.springframework.web.servlet.mvc.condition.ProducesRequestCondition.<init>(ProducesRequestCondition.java:100) ~[spring-webmvc-6.2.2.jar:6.2.2]
	at org.springframework.web.servlet.mvc.method.RequestMappingInfo$DefaultBuilder.build(RequestMappingInfo.java:740) ~[spring-webmvc-6.2.2.jar:6.2.2]
	at org.springframework.web.servlet.mvc.method.annotation.RequestMappingHandlerMapping.createRequestMappingInfo(RequestMappingHandlerMapping.java:435) ~[spring-webmvc-6.2.2.jar:6.2.2]
	at org.springframework.web.servlet.mvc.method.annotation.RequestMappingHandlerMapping.createRequestMappingInfo(RequestMappingHandlerMapping.java:363) ~[spring-webmvc-6.2.2.jar:6.2.2]
	at org.springframework.web.servlet.mvc.method.annotation.RequestMappingHandlerMapping.getMappingForMethod(RequestMappingHandlerMapping.java:317) ~[spring-webmvc-6.2.2.jar:6.2.2]
	at org.springframework.web.servlet.mvc.method.annotation.RequestMappingHandlerMapping.getMappingForMethod(RequestMappingHandlerMapping.java:84) ~[spring-webmvc-6.2.2.jar:6.2.2]
	at org.springframework.web.servlet.handler.AbstractHandlerMethodMapping.lambda$detectHandlerMethods$1(AbstractHandlerMethodMapping.java:283) ~[spring-webmvc-6.2.2.jar:6.2.2]
	... 33 common frames omitted
Caused by: org.springframework.util.InvalidMimeTypeException: Invalid mime type "X-API-VERSION=1": does not contain '/'
	at org.springframework.util.MimeTypeUtils.parseMimeTypeInternal(MimeTypeUtils.java:230) ~[spring-core-6.2.2.jar:6.2.2]
	at org.springframework.util.ConcurrentLruCache.get(ConcurrentLruCache.java:103) ~[spring-core-6.2.2.jar:6.2.2]
	at org.springframework.util.MimeTypeUtils.parseMimeType(MimeTypeUtils.java:213) ~[spring-core-6.2.2.jar:6.2.2]
	at org.springframework.http.MediaType.parseMediaType(MediaType.java:757) ~[spring-web-6.2.2.jar:6.2.2]
	... 43 common frames omitted

2025-01-31T15:11:07.329+05:30  INFO 19144 --- [restartedMain] c.a.r.RestfulWebServicesApplication      : Starting RestfulWebServicesApplication using Java 17.0.12 with PID 19144 (C:\Users\abhis\Downloads\Udemy_spring\restful-web-services\target\classes started by abhis in C:\Users\abhis\Downloads\Udemy_spring\restful-web-services)
2025-01-31T15:11:07.336+05:30  INFO 19144 --- [restartedMain] c.a.r.RestfulWebServicesApplication      : No active profile set, falling back to 1 default profile: "default"
2025-01-31T15:11:07.448+05:30  INFO 19144 --- [restartedMain] .e.DevToolsPropertyDefaultsPostProcessor : Devtools property defaults active! Set 'spring.devtools.add-properties' to 'false' to disable
2025-01-31T15:11:07.449+05:30  INFO 19144 --- [restartedMain] .e.DevToolsPropertyDefaultsPostProcessor : For additional web related logging consider setting the 'logging.level.web' property to 'DEBUG'
2025-01-31T15:11:09.576+05:30  INFO 19144 --- [restartedMain] .s.d.r.c.RepositoryConfigurationDelegate : Bootstrapping Spring Data JPA repositories in DEFAULT mode.
2025-01-31T15:11:09.631+05:30  INFO 19144 --- [restartedMain] .s.d.r.c.RepositoryConfigurationDelegate : Finished Spring Data repository scanning in 33 ms. Found 0 JPA repository interfaces.
2025-01-31T15:11:11.637+05:30  INFO 19144 --- [restartedMain] o.s.b.w.embedded.tomcat.TomcatWebServer  : Tomcat initialized with port 7517 (http)
2025-01-31T15:11:11.676+05:30  INFO 19144 --- [restartedMain] o.apache.catalina.core.StandardService   : Starting service [Tomcat]
2025-01-31T15:11:11.677+05:30  INFO 19144 --- [restartedMain] o.apache.catalina.core.StandardEngine    : Starting Servlet engine: [Apache Tomcat/10.1.34]
2025-01-31T15:11:11.806+05:30  INFO 19144 --- [restartedMain] o.a.c.c.C.[Tomcat].[localhost].[/]       : Initializing Spring embedded WebApplicationContext
2025-01-31T15:11:11.809+05:30  INFO 19144 --- [restartedMain] w.s.c.ServletWebServerApplicationContext : Root WebApplicationContext: initialization completed in 4359 ms
2025-01-31T15:11:12.718+05:30  INFO 19144 --- [restartedMain] o.hibernate.jpa.internal.util.LogHelper  : HHH000204: Processing PersistenceUnitInfo [name: default]
2025-01-31T15:11:12.887+05:30  INFO 19144 --- [restartedMain] org.hibernate.Version                    : HHH000412: Hibernate ORM core version 6.6.5.Final
2025-01-31T15:11:12.955+05:30  INFO 19144 --- [restartedMain] o.h.c.internal.RegionFactoryInitiator    : HHH000026: Second-level cache disabled
2025-01-31T15:11:13.592+05:30  INFO 19144 --- [restartedMain] o.s.o.j.p.SpringPersistenceUnitInfo      : No LoadTimeWeaver setup: ignoring JPA class transformer
2025-01-31T15:11:13.682+05:30  INFO 19144 --- [restartedMain] com.zaxxer.hikari.HikariDataSource       : HikariPool-1 - Starting...
2025-01-31T15:11:14.850+05:30  INFO 19144 --- [restartedMain] com.zaxxer.hikari.pool.HikariPool        : HikariPool-1 - Added connection org.postgresql.jdbc.PgConnection@1ba4d4f2
2025-01-31T15:11:14.853+05:30  INFO 19144 --- [restartedMain] com.zaxxer.hikari.HikariDataSource       : HikariPool-1 - Start completed.
2025-01-31T15:11:14.971+05:30  WARN 19144 --- [restartedMain] org.hibernate.orm.deprecation            : HHH90000025: PostgreSQLDialect does not need to be specified explicitly using 'hibernate.dialect' (remove the property setting and it will be selected by default)
2025-01-31T15:11:15.066+05:30  INFO 19144 --- [restartedMain] org.hibernate.orm.connections.pooling    : HHH10001005: Database info:
	Database JDBC URL [Connecting through datasource 'HikariDataSource (HikariPool-1)']
	Database driver: undefined/unknown
	Database version: 16.3
	Autocommit mode: undefined/unknown
	Isolation level: undefined/unknown
	Minimum pool size: undefined/unknown
	Maximum pool size: undefined/unknown
2025-01-31T15:11:15.876+05:30  INFO 19144 --- [restartedMain] o.h.e.t.j.p.i.JtaPlatformInitiator       : HHH000489: No JTA platform available (set 'hibernate.transaction.jta.platform' to enable JTA platform integration)
2025-01-31T15:11:15.890+05:30  INFO 19144 --- [restartedMain] j.LocalContainerEntityManagerFactoryBean : Initialized JPA EntityManagerFactory for persistence unit 'default'
2025-01-31T15:11:16.065+05:30  WARN 19144 --- [restartedMain] JpaBaseConfiguration$JpaWebConfiguration : spring.jpa.open-in-view is enabled by default. Therefore, database queries may be performed during view rendering. Explicitly configure spring.jpa.open-in-view to disable this warning
2025-01-31T15:11:18.076+05:30  INFO 19144 --- [restartedMain] o.s.b.a.h2.H2ConsoleAutoConfiguration    : H2 console available at '/h2-console'. Database available at 'jdbc:postgresql://database-1.cbosms8quwa6.ap-south-1.rds.amazonaws.com:5432/cantactDb'
2025-01-31T15:11:18.323+05:30  INFO 19144 --- [restartedMain] o.s.b.d.a.OptionalLiveReloadServer       : LiveReload server is running on port 35729
2025-01-31T15:11:18.355+05:30  INFO 19144 --- [restartedMain] o.s.b.a.e.web.EndpointLinksResolver      : Exposing 3 endpoints beneath base path '/actuator'
2025-01-31T15:11:18.554+05:30  INFO 19144 --- [restartedMain] o.s.b.w.embedded.tomcat.TomcatWebServer  : Tomcat started on port 7517 (http) with context path '/'
2025-01-31T15:11:18.599+05:30  INFO 19144 --- [restartedMain] c.a.r.RestfulWebServicesApplication      : Started RestfulWebServicesApplication in 12.335 seconds (process running for 13.408)
2025-01-31T15:12:28.569+05:30  INFO 19144 --- [File Watcher] rtingClassPathChangeChangedEventListener : Restarting due to 1 class path change (1 addition, 0 deletions, 0 modifications)
2025-01-31T15:12:28.578+05:30  INFO 19144 --- [Thread-5] o.s.b.w.e.tomcat.GracefulShutdown        : Commencing graceful shutdown. Waiting for active requests to complete
2025-01-31T15:12:28.841+05:30  INFO 19144 --- [tomcat-shutdown] o.s.b.w.e.tomcat.GracefulShutdown        : Graceful shutdown complete
2025-01-31T15:12:28.851+05:30  INFO 19144 --- [Thread-5] j.LocalContainerEntityManagerFactoryBean : Closing JPA EntityManagerFactory for persistence unit 'default'
2025-01-31T15:12:28.859+05:30  INFO 19144 --- [Thread-5] com.zaxxer.hikari.HikariDataSource       : HikariPool-1 - Shutdown initiated...
2025-01-31T15:12:29.105+05:30  INFO 19144 --- [Thread-5] com.zaxxer.hikari.HikariDataSource       : HikariPool-1 - Shutdown completed.
2025-01-31T15:24:26.216+05:30  INFO 17076 --- [restful-web-services] [restartedMain] c.a.r.RestfulWebServicesApplication      : Starting RestfulWebServicesApplication using Java 17.0.12 with PID 17076 (C:\Users\abhis\Downloads\Udemy_spring\restful-web-services\target\classes started by abhis in C:\Users\abhis\Downloads\Udemy_spring\restful-web-services)
2025-01-31T15:24:26.216+05:30  INFO 17076 --- [restful-web-services] [restartedMain] c.a.r.RestfulWebServicesApplication      : No active profile set, falling back to 1 default profile: "default"
2025-01-31T15:24:26.811+05:30  INFO 17076 --- [restful-web-services] [restartedMain] .s.d.r.c.RepositoryConfigurationDelegate : Bootstrapping Spring Data JPA repositories in DEFAULT mode.
2025-01-31T15:24:26.818+05:30  INFO 17076 --- [restful-web-services] [restartedMain] .s.d.r.c.RepositoryConfigurationDelegate : Finished Spring Data repository scanning in 5 ms. Found 0 JPA repository interfaces.
2025-01-31T15:24:27.070+05:30  INFO 17076 --- [restful-web-services] [restartedMain] o.s.b.w.embedded.tomcat.TomcatWebServer  : Tomcat initialized with port 7517 (http)
2025-01-31T15:24:27.071+05:30  INFO 17076 --- [restful-web-services] [restartedMain] o.apache.catalina.core.StandardService   : Starting service [Tomcat]
2025-01-31T15:24:27.072+05:30  INFO 17076 --- [restful-web-services] [restartedMain] o.apache.catalina.core.StandardEngine    : Starting Servlet engine: [Apache Tomcat/10.1.34]
2025-01-31T15:24:27.111+05:30  INFO 17076 --- [restful-web-services] [restartedMain] o.a.c.c.C.[Tomcat].[localhost].[/]       : Initializing Spring embedded WebApplicationContext
2025-01-31T15:24:27.112+05:30  INFO 17076 --- [restful-web-services] [restartedMain] w.s.c.ServletWebServerApplicationContext : Root WebApplicationContext: initialization completed in 893 ms
2025-01-31T15:24:27.322+05:30  INFO 17076 --- [restful-web-services] [restartedMain] o.hibernate.jpa.internal.util.LogHelper  : HHH000204: Processing PersistenceUnitInfo [name: default]
2025-01-31T15:24:27.329+05:30  INFO 17076 --- [restful-web-services] [restartedMain] o.h.c.internal.RegionFactoryInitiator    : HHH000026: Second-level cache disabled
2025-01-31T15:24:27.352+05:30  INFO 17076 --- [restful-web-services] [restartedMain] o.s.o.j.p.SpringPersistenceUnitInfo      : No LoadTimeWeaver setup: ignoring JPA class transformer
2025-01-31T15:24:27.355+05:30  INFO 17076 --- [restful-web-services] [restartedMain] com.zaxxer.hikari.HikariDataSource       : HikariPool-3 - Starting...
2025-01-31T15:24:28.575+05:30  INFO 17076 --- [restful-web-services] [restartedMain] com.zaxxer.hikari.pool.HikariPool        : HikariPool-3 - Added connection org.postgresql.jdbc.PgConnection@149e0d26
2025-01-31T15:24:28.575+05:30  INFO 17076 --- [restful-web-services] [restartedMain] com.zaxxer.hikari.HikariDataSource       : HikariPool-3 - Start completed.
2025-01-31T15:24:28.617+05:30  WARN 17076 --- [restful-web-services] [restartedMain] org.hibernate.orm.deprecation            : HHH90000025: PostgreSQLDialect does not need to be specified explicitly using 'hibernate.dialect' (remove the property setting and it will be selected by default)
2025-01-31T15:24:28.673+05:30  INFO 17076 --- [restful-web-services] [restartedMain] org.hibernate.orm.connections.pooling    : HHH10001005: Database info:
	Database JDBC URL [Connecting through datasource 'HikariDataSource (HikariPool-3)']
	Database driver: undefined/unknown
	Database version: 16.3
	Autocommit mode: undefined/unknown
	Isolation level: undefined/unknown
	Minimum pool size: undefined/unknown
	Maximum pool size: undefined/unknown
2025-01-31T15:24:28.751+05:30  INFO 17076 --- [restful-web-services] [restartedMain] o.h.e.t.j.p.i.JtaPlatformInitiator       : HHH000489: No JTA platform available (set 'hibernate.transaction.jta.platform' to enable JTA platform integration)
2025-01-31T15:24:28.751+05:30  INFO 17076 --- [restful-web-services] [restartedMain] j.LocalContainerEntityManagerFactoryBean : Initialized JPA EntityManagerFactory for persistence unit 'default'
2025-01-31T15:24:28.827+05:30  WARN 17076 --- [restful-web-services] [restartedMain] JpaBaseConfiguration$JpaWebConfiguration : spring.jpa.open-in-view is enabled by default. Therefore, database queries may be performed during view rendering. Explicitly configure spring.jpa.open-in-view to disable this warning
2025-01-31T15:24:29.394+05:30  INFO 17076 --- [restful-web-services] [restartedMain] o.s.b.a.h2.H2ConsoleAutoConfiguration    : H2 console available at '/h2-console'. Database available at 'jdbc:postgresql://database-1.cbosms8quwa6.ap-south-1.rds.amazonaws.com:5432/cantactDb'
2025-01-31T15:24:29.463+05:30  INFO 17076 --- [restful-web-services] [restartedMain] o.s.b.d.a.OptionalLiveReloadServer       : LiveReload server is running on port 35729
2025-01-31T15:24:29.470+05:30  INFO 17076 --- [restful-web-services] [restartedMain] o.s.b.a.e.web.EndpointLinksResolver      : Exposing 3 endpoints beneath base path '/actuator'
2025-01-31T15:24:29.509+05:30  INFO 17076 --- [restful-web-services] [restartedMain] o.s.b.w.embedded.tomcat.TomcatWebServer  : Tomcat started on port 7517 (http) with context path '/'
2025-01-31T15:24:29.520+05:30  INFO 17076 --- [restful-web-services] [restartedMain] c.a.r.RestfulWebServicesApplication      : Started RestfulWebServicesApplication in 3.396 seconds (process running for 694.711)
2025-01-31T15:24:30.907+05:30  INFO 17076 --- [restful-web-services] [File Watcher] rtingClassPathChangeChangedEventListener : Restarting due to 15 class path changes (0 additions, 0 deletions, 15 modifications)
2025-01-31T15:24:30.909+05:30  INFO 17076 --- [restful-web-services] [Thread-15] o.s.b.w.e.tomcat.GracefulShutdown        : Commencing graceful shutdown. Waiting for active requests to complete
2025-01-31T15:24:31.170+05:30  INFO 17076 --- [restful-web-services] [tomcat-shutdown] o.s.b.w.e.tomcat.GracefulShutdown        : Graceful shutdown complete
2025-01-31T15:24:31.172+05:30  INFO 17076 --- [restful-web-services] [Thread-15] j.LocalContainerEntityManagerFactoryBean : Closing JPA EntityManagerFactory for persistence unit 'default'
2025-01-31T15:24:31.173+05:30  INFO 17076 --- [restful-web-services] [Thread-15] com.zaxxer.hikari.HikariDataSource       : HikariPool-3 - Shutdown initiated...
2025-01-31T15:24:31.391+05:30  INFO 17076 --- [restful-web-services] [Thread-15] com.zaxxer.hikari.HikariDataSource       : HikariPool-3 - Shutdown completed.
2025-01-31T15:24:31.522+05:30  INFO 17076 --- [restful-web-services] [restartedMain] c.a.r.RestfulWebServicesApplication      : Starting RestfulWebServicesApplication using Java 17.0.12 with PID 17076 (C:\Users\abhis\Downloads\Udemy_spring\restful-web-services\target\classes started by abhis in C:\Users\abhis\Downloads\Udemy_spring\restful-web-services)
2025-01-31T15:24:31.523+05:30  INFO 17076 --- [restful-web-services] [restartedMain] c.a.r.RestfulWebServicesApplication      : No active profile set, falling back to 1 default profile: "default"
2025-01-31T15:24:32.009+05:30  INFO 17076 --- [restful-web-services] [restartedMain] .s.d.r.c.RepositoryConfigurationDelegate : Bootstrapping Spring Data JPA repositories in DEFAULT mode.
2025-01-31T15:24:32.017+05:30  INFO 17076 --- [restful-web-services] [restartedMain] .s.d.r.c.RepositoryConfigurationDelegate : Finished Spring Data repository scanning in 6 ms. Found 0 JPA repository interfaces.
2025-01-31T15:24:32.221+05:30  INFO 17076 --- [restful-web-services] [restartedMain] o.s.b.w.embedded.tomcat.TomcatWebServer  : Tomcat initialized with port 7517 (http)
2025-01-31T15:24:32.223+05:30  INFO 17076 --- [restful-web-services] [restartedMain] o.apache.catalina.core.StandardService   : Starting service [Tomcat]
2025-01-31T15:24:32.224+05:30  INFO 17076 --- [restful-web-services] [restartedMain] o.apache.catalina.core.StandardEngine    : Starting Servlet engine: [Apache Tomcat/10.1.34]
2025-01-31T15:24:32.265+05:30  INFO 17076 --- [restful-web-services] [restartedMain] o.a.c.c.C.[Tomcat].[localhost].[/]       : Initializing Spring embedded WebApplicationContext
2025-01-31T15:24:32.265+05:30  INFO 17076 --- [restful-web-services] [restartedMain] w.s.c.ServletWebServerApplicationContext : Root WebApplicationContext: initialization completed in 738 ms
2025-01-31T15:24:32.407+05:30  INFO 17076 --- [restful-web-services] [restartedMain] o.hibernate.jpa.internal.util.LogHelper  : HHH000204: Processing PersistenceUnitInfo [name: default]
2025-01-31T15:24:32.413+05:30  INFO 17076 --- [restful-web-services] [restartedMain] o.h.c.internal.RegionFactoryInitiator    : HHH000026: Second-level cache disabled
2025-01-31T15:24:32.427+05:30  INFO 17076 --- [restful-web-services] [restartedMain] o.s.o.j.p.SpringPersistenceUnitInfo      : No LoadTimeWeaver setup: ignoring JPA class transformer
2025-01-31T15:24:32.428+05:30  INFO 17076 --- [restful-web-services] [restartedMain] com.zaxxer.hikari.HikariDataSource       : HikariPool-4 - Starting...
2025-01-31T15:24:32.695+05:30  INFO 17076 --- [restful-web-services] [restartedMain] com.zaxxer.hikari.pool.HikariPool        : HikariPool-4 - Added connection org.postgresql.jdbc.PgConnection@799455d6
2025-01-31T15:24:32.696+05:30  INFO 17076 --- [restful-web-services] [restartedMain] com.zaxxer.hikari.HikariDataSource       : HikariPool-4 - Start completed.
2025-01-31T15:24:32.723+05:30  WARN 17076 --- [restful-web-services] [restartedMain] org.hibernate.orm.deprecation            : HHH90000025: PostgreSQLDialect does not need to be specified explicitly using 'hibernate.dialect' (remove the property setting and it will be selected by default)
2025-01-31T15:24:32.775+05:30  INFO 17076 --- [restful-web-services] [restartedMain] org.hibernate.orm.connections.pooling    : HHH10001005: Database info:
	Database JDBC URL [Connecting through datasource 'HikariDataSource (HikariPool-4)']
	Database driver: undefined/unknown
	Database version: 16.3
	Autocommit mode: undefined/unknown
	Isolation level: undefined/unknown
	Minimum pool size: undefined/unknown
	Maximum pool size: undefined/unknown
2025-01-31T15:24:32.806+05:30  INFO 17076 --- [restful-web-services] [restartedMain] o.h.e.t.j.p.i.JtaPlatformInitiator       : HHH000489: No JTA platform available (set 'hibernate.transaction.jta.platform' to enable JTA platform integration)
2025-01-31T15:24:32.807+05:30  INFO 17076 --- [restful-web-services] [restartedMain] j.LocalContainerEntityManagerFactoryBean : Initialized JPA EntityManagerFactory for persistence unit 'default'
2025-01-31T15:24:32.880+05:30  WARN 17076 --- [restful-web-services] [restartedMain] JpaBaseConfiguration$JpaWebConfiguration : spring.jpa.open-in-view is enabled by default. Therefore, database queries may be performed during view rendering. Explicitly configure spring.jpa.open-in-view to disable this warning
2025-01-31T15:24:33.359+05:30  INFO 17076 --- [restful-web-services] [restartedMain] o.s.b.a.h2.H2ConsoleAutoConfiguration    : H2 console available at '/h2-console'. Database available at 'jdbc:postgresql://database-1.cbosms8quwa6.ap-south-1.rds.amazonaws.com:5432/cantactDb'
2025-01-31T15:24:33.441+05:30  INFO 17076 --- [restful-web-services] [restartedMain] o.s.b.d.a.OptionalLiveReloadServer       : LiveReload server is running on port 35729
2025-01-31T15:24:33.451+05:30  INFO 17076 --- [restful-web-services] [restartedMain] o.s.b.a.e.web.EndpointLinksResolver      : Exposing 3 endpoints beneath base path '/actuator'
2025-01-31T15:24:33.492+05:30  INFO 17076 --- [restful-web-services] [restartedMain] o.s.b.w.embedded.tomcat.TomcatWebServer  : Tomcat started on port 7517 (http) with context path '/'
2025-01-31T15:24:33.504+05:30  INFO 17076 --- [restful-web-services] [restartedMain] c.a.r.RestfulWebServicesApplication      : Started RestfulWebServicesApplication in 2.039 seconds (process running for 698.694)
2025-01-31T15:24:33.508+05:30  INFO 17076 --- [restful-web-services] [restartedMain] .ConditionEvaluationDeltaLoggingListener : Condition evaluation unchanged
